2022-09-21 20:58:24.219  INFO 9908 --- [restartedMain] hust.project3.Project3Application        : Starting Project3Application using Java 16.0.2 on DESKTOP-KP9B43V with PID 9908 (D:\project3\target\classes started by Hi in D:\project3)
2022-09-21 20:58:24.220  INFO 9908 --- [restartedMain] hust.project3.Project3Application        : No active profile set, falling back to 1 default profile: "default"
2022-09-21 20:58:24.834  INFO 9908 --- [restartedMain] .s.d.r.c.RepositoryConfigurationDelegate : Bootstrapping Spring Data JPA repositories in DEFAULT mode.
2022-09-21 20:58:24.876  INFO 9908 --- [restartedMain] .s.d.r.c.RepositoryConfigurationDelegate : Finished Spring Data repository scanning in 41 ms. Found 4 JPA repository interfaces.
2022-09-21 20:58:25.106  INFO 9908 --- [restartedMain] o.s.b.w.embedded.tomcat.TomcatWebServer  : Tomcat initialized with port(s): 8080 (http)
2022-09-21 20:58:25.107  INFO 9908 --- [restartedMain] o.apache.catalina.core.StandardService   : Starting service [Tomcat]
2022-09-21 20:58:25.107  INFO 9908 --- [restartedMain] org.apache.catalina.core.StandardEngine  : Starting Servlet engine: [Apache Tomcat/9.0.65]
2022-09-21 20:58:25.161  INFO 9908 --- [restartedMain] o.a.c.c.C.[Tomcat].[localhost].[/]       : Initializing Spring embedded WebApplicationContext
2022-09-21 20:58:25.162  INFO 9908 --- [restartedMain] w.s.c.ServletWebServerApplicationContext : Root WebApplicationContext: initialization completed in 938 ms
2022-09-21 20:58:25.221  INFO 9908 --- [restartedMain] o.hibernate.jpa.internal.util.LogHelper  : HHH000204: Processing PersistenceUnitInfo [name: default]
2022-09-21 20:58:25.229  INFO 9908 --- [restartedMain] com.zaxxer.hikari.HikariDataSource       : HikariPool-2 - Starting...
2022-09-21 20:58:25.230  WARN 9908 --- [restartedMain] com.zaxxer.hikari.util.DriverDataSource  : Registered driver with driverClassName=com.mysql.jdbc.Driver was not found, trying direct instantiation.
2022-09-21 20:58:25.264  INFO 9908 --- [restartedMain] com.zaxxer.hikari.HikariDataSource       : HikariPool-2 - Start completed.
2022-09-21 20:58:25.265  INFO 9908 --- [restartedMain] org.hibernate.dialect.Dialect            : HHH000400: Using dialect: org.hibernate.dialect.MySQL8Dialect
2022-09-21 20:58:25.459  INFO 9908 --- [restartedMain] o.h.e.t.j.p.i.JtaPlatformInitiator       : HHH000490: Using JtaPlatform implementation: [org.hibernate.engine.transaction.jta.platform.internal.NoJtaPlatform]
2022-09-21 20:58:25.460  INFO 9908 --- [restartedMain] j.LocalContainerEntityManagerFactoryBean : Initialized JPA EntityManagerFactory for persistence unit 'default'
2022-09-21 20:58:25.707  WARN 9908 --- [restartedMain] JpaBaseConfiguration$JpaWebConfiguration : spring.jpa.open-in-view is enabled by default. Therefore, database queries may be performed during view rendering. Explicitly configure spring.jpa.open-in-view to disable this warning
2022-09-21 20:58:26.010  WARN 9908 --- [restartedMain] o.s.s.c.a.web.builders.WebSecurity       : You are asking Spring Security to ignore Ant [pattern='/v3/api-docs']. This is not recommended -- please use permitAll via HttpSecurity#authorizeHttpRequests instead.
2022-09-21 20:58:26.010  INFO 9908 --- [restartedMain] o.s.s.web.DefaultSecurityFilterChain     : Will not secure Ant [pattern='/v3/api-docs']
2022-09-21 20:58:26.010  WARN 9908 --- [restartedMain] o.s.s.c.a.web.builders.WebSecurity       : You are asking Spring Security to ignore Ant [pattern='/v2/api-docs']. This is not recommended -- please use permitAll via HttpSecurity#authorizeHttpRequests instead.
2022-09-21 20:58:26.010  INFO 9908 --- [restartedMain] o.s.s.web.DefaultSecurityFilterChain     : Will not secure Ant [pattern='/v2/api-docs']
2022-09-21 20:58:26.010  WARN 9908 --- [restartedMain] o.s.s.c.a.web.builders.WebSecurity       : You are asking Spring Security to ignore Ant [pattern='/swagger-resources/**']. This is not recommended -- please use permitAll via HttpSecurity#authorizeHttpRequests instead.
2022-09-21 20:58:26.011  INFO 9908 --- [restartedMain] o.s.s.web.DefaultSecurityFilterChain     : Will not secure Ant [pattern='/swagger-resources/**']
2022-09-21 20:58:26.011  WARN 9908 --- [restartedMain] o.s.s.c.a.web.builders.WebSecurity       : You are asking Spring Security to ignore Ant [pattern='/swagger-ui.html']. This is not recommended -- please use permitAll via HttpSecurity#authorizeHttpRequests instead.
2022-09-21 20:58:26.011  INFO 9908 --- [restartedMain] o.s.s.web.DefaultSecurityFilterChain     : Will not secure Ant [pattern='/swagger-ui.html']
2022-09-21 20:58:26.011  WARN 9908 --- [restartedMain] o.s.s.c.a.web.builders.WebSecurity       : You are asking Spring Security to ignore Ant [pattern='/webjars/**']. This is not recommended -- please use permitAll via HttpSecurity#authorizeHttpRequests instead.
2022-09-21 20:58:26.011  INFO 9908 --- [restartedMain] o.s.s.web.DefaultSecurityFilterChain     : Will not secure Ant [pattern='/webjars/**']
2022-09-21 20:58:26.011  WARN 9908 --- [restartedMain] o.s.s.c.a.web.builders.WebSecurity       : You are asking Spring Security to ignore Ant [pattern='/swagger-ui/**']. This is not recommended -- please use permitAll via HttpSecurity#authorizeHttpRequests instead.
2022-09-21 20:58:26.011  INFO 9908 --- [restartedMain] o.s.s.web.DefaultSecurityFilterChain     : Will not secure Ant [pattern='/swagger-ui/**']
2022-09-21 20:58:26.011  WARN 9908 --- [restartedMain] o.s.s.c.a.web.builders.WebSecurity       : You are asking Spring Security to ignore Ant [pattern='/configuration/security']. This is not recommended -- please use permitAll via HttpSecurity#authorizeHttpRequests instead.
2022-09-21 20:58:26.011  INFO 9908 --- [restartedMain] o.s.s.web.DefaultSecurityFilterChain     : Will not secure Ant [pattern='/configuration/security']
2022-09-21 20:58:26.042  INFO 9908 --- [restartedMain] o.s.s.web.DefaultSecurityFilterChain     : Will secure any request with [org.springframework.security.web.session.DisableEncodeUrlFilter@2d934792, org.springframework.security.web.context.request.async.WebAsyncManagerIntegrationFilter@749fb0cc, org.springframework.security.web.context.SecurityContextPersistenceFilter@70a49148, org.springframework.security.web.header.HeaderWriterFilter@2a87fb7f, org.springframework.web.filter.CorsFilter@3cef2945, org.springframework.security.web.authentication.logout.LogoutFilter@3fef346b, hust.project3.config.jwtconfig.JwtFilter@307b4488, org.springframework.security.web.savedrequest.RequestCacheAwareFilter@6f02496d, org.springframework.security.web.servletapi.SecurityContextHolderAwareRequestFilter@7a4b0bf1, org.springframework.security.web.authentication.AnonymousAuthenticationFilter@15363021, org.springframework.security.web.session.SessionManagementFilter@4e2b5a5, org.springframework.security.web.access.ExceptionTranslationFilter@27c71fde, org.springframework.security.web.access.intercept.FilterSecurityInterceptor@b444687]
2022-09-21 20:58:26.058  INFO 9908 --- [restartedMain] o.s.b.d.a.OptionalLiveReloadServer       : LiveReload server is running on port 35729
2022-09-21 20:58:26.174  INFO 9908 --- [restartedMain] o.s.b.w.embedded.tomcat.TomcatWebServer  : Tomcat started on port(s): 8080 (http) with context path ''
2022-09-21 20:58:26.255  INFO 9908 --- [restartedMain] hust.project3.Project3Application        : Started Project3Application in 2.085 seconds (JVM running for 45.929)
2022-09-21 20:58:26.258  INFO 9908 --- [restartedMain] .ConditionEvaluationDeltaLoggingListener : Condition evaluation unchanged
2022-09-21 20:58:57.108  INFO 9908 --- [File Watcher] rtingClassPathChangeChangedEventListener : Restarting due to 1 class path change (0 additions, 1 deletion, 0 modifications)
2022-09-21 20:58:57.118  INFO 9908 --- [Thread-7] o.apache.catalina.core.StandardService   : Stopping service [Tomcat]
2022-09-21 20:58:57.120  WARN 9908 --- [Thread-7] o.a.c.loader.WebappClassLoaderBase       : The web application [ROOT] appears to have started a thread named [HikariPool-2 housekeeper] but has failed to stop it. This is very likely to create a memory leak. Stack trace of thread:
 java.base@16.0.2/jdk.internal.misc.Unsafe.park(Native Method)
 java.base@16.0.2/java.util.concurrent.locks.LockSupport.parkNanos(LockSupport.java:252)
 java.base@16.0.2/java.util.concurrent.locks.AbstractQueuedSynchronizer$ConditionObject.awaitNanos(AbstractQueuedSynchronizer.java:1661)
 java.base@16.0.2/java.util.concurrent.ScheduledThreadPoolExecutor$DelayedWorkQueue.take(ScheduledThreadPoolExecutor.java:1182)
 java.base@16.0.2/java.util.concurrent.ScheduledThreadPoolExecutor$DelayedWorkQueue.take(ScheduledThreadPoolExecutor.java:899)
 java.base@16.0.2/java.util.concurrent.ThreadPoolExecutor.getTask(ThreadPoolExecutor.java:1056)
 java.base@16.0.2/java.util.concurrent.ThreadPoolExecutor.runWorker(ThreadPoolExecutor.java:1116)
 java.base@16.0.2/java.util.concurrent.ThreadPoolExecutor$Worker.run(ThreadPoolExecutor.java:630)
 java.base@16.0.2/java.lang.Thread.run(Thread.java:831)
2022-09-21 20:58:57.124  INFO 9908 --- [Thread-7] j.LocalContainerEntityManagerFactoryBean : Closing JPA EntityManagerFactory for persistence unit 'default'
2022-09-21 20:58:57.125  INFO 9908 --- [Thread-7] com.zaxxer.hikari.HikariDataSource       : HikariPool-2 - Shutdown initiated...
2022-09-21 20:58:57.132  INFO 9908 --- [Thread-7] com.zaxxer.hikari.HikariDataSource       : HikariPool-2 - Shutdown completed.
2022-09-21 20:58:57.240  INFO 9908 --- [restartedMain] hust.project3.Project3Application        : Starting Project3Application using Java 16.0.2 on DESKTOP-KP9B43V with PID 9908 (D:\project3\target\classes started by Hi in D:\project3)
2022-09-21 20:58:57.241  INFO 9908 --- [restartedMain] hust.project3.Project3Application        : No active profile set, falling back to 1 default profile: "default"
2022-09-21 20:58:57.746  INFO 9908 --- [restartedMain] .s.d.r.c.RepositoryConfigurationDelegate : Bootstrapping Spring Data JPA repositories in DEFAULT mode.
2022-09-21 20:58:57.787  INFO 9908 --- [restartedMain] .s.d.r.c.RepositoryConfigurationDelegate : Finished Spring Data repository scanning in 40 ms. Found 4 JPA repository interfaces.
2022-09-21 20:58:57.968  INFO 9908 --- [restartedMain] o.s.b.w.embedded.tomcat.TomcatWebServer  : Tomcat initialized with port(s): 8080 (http)
2022-09-21 20:58:57.969  INFO 9908 --- [restartedMain] o.apache.catalina.core.StandardService   : Starting service [Tomcat]
2022-09-21 20:58:57.969  INFO 9908 --- [restartedMain] org.apache.catalina.core.StandardEngine  : Starting Servlet engine: [Apache Tomcat/9.0.65]
2022-09-21 20:58:58.021  INFO 9908 --- [restartedMain] o.a.c.c.C.[Tomcat].[localhost].[/]       : Initializing Spring embedded WebApplicationContext
2022-09-21 20:58:58.022  INFO 9908 --- [restartedMain] w.s.c.ServletWebServerApplicationContext : Root WebApplicationContext: initialization completed in 775 ms
2022-09-21 20:58:58.077  INFO 9908 --- [restartedMain] o.hibernate.jpa.internal.util.LogHelper  : HHH000204: Processing PersistenceUnitInfo [name: default]
2022-09-21 20:58:58.083  INFO 9908 --- [restartedMain] com.zaxxer.hikari.HikariDataSource       : HikariPool-3 - Starting...
2022-09-21 20:58:58.083  WARN 9908 --- [restartedMain] com.zaxxer.hikari.util.DriverDataSource  : Registered driver with driverClassName=com.mysql.jdbc.Driver was not found, trying direct instantiation.
2022-09-21 20:58:58.110  INFO 9908 --- [restartedMain] com.zaxxer.hikari.HikariDataSource       : HikariPool-3 - Start completed.
2022-09-21 20:58:58.110  INFO 9908 --- [restartedMain] org.hibernate.dialect.Dialect            : HHH000400: Using dialect: org.hibernate.dialect.MySQL8Dialect
2022-09-21 20:58:58.259  INFO 9908 --- [restartedMain] o.h.e.t.j.p.i.JtaPlatformInitiator       : HHH000490: Using JtaPlatform implementation: [org.hibernate.engine.transaction.jta.platform.internal.NoJtaPlatform]
2022-09-21 20:58:58.260  INFO 9908 --- [restartedMain] j.LocalContainerEntityManagerFactoryBean : Initialized JPA EntityManagerFactory for persistence unit 'default'
2022-09-21 20:58:58.458  WARN 9908 --- [restartedMain] JpaBaseConfiguration$JpaWebConfiguration : spring.jpa.open-in-view is enabled by default. Therefore, database queries may be performed during view rendering. Explicitly configure spring.jpa.open-in-view to disable this warning
2022-09-21 20:58:58.707  WARN 9908 --- [restartedMain] o.s.s.c.a.web.builders.WebSecurity       : You are asking Spring Security to ignore Ant [pattern='/v3/api-docs']. This is not recommended -- please use permitAll via HttpSecurity#authorizeHttpRequests instead.
2022-09-21 20:58:58.707  INFO 9908 --- [restartedMain] o.s.s.web.DefaultSecurityFilterChain     : Will not secure Ant [pattern='/v3/api-docs']
2022-09-21 20:58:58.707  WARN 9908 --- [restartedMain] o.s.s.c.a.web.builders.WebSecurity       : You are asking Spring Security to ignore Ant [pattern='/v2/api-docs']. This is not recommended -- please use permitAll via HttpSecurity#authorizeHttpRequests instead.
2022-09-21 20:58:58.707  INFO 9908 --- [restartedMain] o.s.s.web.DefaultSecurityFilterChain     : Will not secure Ant [pattern='/v2/api-docs']
2022-09-21 20:58:58.707  WARN 9908 --- [restartedMain] o.s.s.c.a.web.builders.WebSecurity       : You are asking Spring Security to ignore Ant [pattern='/swagger-resources/**']. This is not recommended -- please use permitAll via HttpSecurity#authorizeHttpRequests instead.
2022-09-21 20:58:58.707  INFO 9908 --- [restartedMain] o.s.s.web.DefaultSecurityFilterChain     : Will not secure Ant [pattern='/swagger-resources/**']
2022-09-21 20:58:58.708  WARN 9908 --- [restartedMain] o.s.s.c.a.web.builders.WebSecurity       : You are asking Spring Security to ignore Ant [pattern='/swagger-ui.html']. This is not recommended -- please use permitAll via HttpSecurity#authorizeHttpRequests instead.
2022-09-21 20:58:58.708  INFO 9908 --- [restartedMain] o.s.s.web.DefaultSecurityFilterChain     : Will not secure Ant [pattern='/swagger-ui.html']
2022-09-21 20:58:58.708  WARN 9908 --- [restartedMain] o.s.s.c.a.web.builders.WebSecurity       : You are asking Spring Security to ignore Ant [pattern='/webjars/**']. This is not recommended -- please use permitAll via HttpSecurity#authorizeHttpRequests instead.
2022-09-21 20:58:58.708  INFO 9908 --- [restartedMain] o.s.s.web.DefaultSecurityFilterChain     : Will not secure Ant [pattern='/webjars/**']
2022-09-21 20:58:58.708  WARN 9908 --- [restartedMain] o.s.s.c.a.web.builders.WebSecurity       : You are asking Spring Security to ignore Ant [pattern='/swagger-ui/**']. This is not recommended -- please use permitAll via HttpSecurity#authorizeHttpRequests instead.
2022-09-21 20:58:58.708  INFO 9908 --- [restartedMain] o.s.s.web.DefaultSecurityFilterChain     : Will not secure Ant [pattern='/swagger-ui/**']
2022-09-21 20:58:58.708  WARN 9908 --- [restartedMain] o.s.s.c.a.web.builders.WebSecurity       : You are asking Spring Security to ignore Ant [pattern='/configuration/security']. This is not recommended -- please use permitAll via HttpSecurity#authorizeHttpRequests instead.
2022-09-21 20:58:58.708  INFO 9908 --- [restartedMain] o.s.s.web.DefaultSecurityFilterChain     : Will not secure Ant [pattern='/configuration/security']
2022-09-21 20:58:58.730  INFO 9908 --- [restartedMain] o.s.s.web.DefaultSecurityFilterChain     : Will secure any request with [org.springframework.security.web.session.DisableEncodeUrlFilter@eec698a, org.springframework.security.web.context.request.async.WebAsyncManagerIntegrationFilter@1ce98a81, org.springframework.security.web.context.SecurityContextPersistenceFilter@1a3c1f93, org.springframework.security.web.header.HeaderWriterFilter@401b1100, org.springframework.web.filter.CorsFilter@457f7ff2, org.springframework.security.web.authentication.logout.LogoutFilter@69fdc400, hust.project3.config.jwtconfig.JwtFilter@6d7a50c2, org.springframework.security.web.savedrequest.RequestCacheAwareFilter@64b3703d, org.springframework.security.web.servletapi.SecurityContextHolderAwareRequestFilter@6e257e70, org.springframework.security.web.authentication.AnonymousAuthenticationFilter@3c9343b, org.springframework.security.web.session.SessionManagementFilter@69abe87b, org.springframework.security.web.access.ExceptionTranslationFilter@67a7fbb4, org.springframework.security.web.access.intercept.FilterSecurityInterceptor@12aa9b55]
2022-09-21 20:58:58.745  INFO 9908 --- [restartedMain] o.s.b.d.a.OptionalLiveReloadServer       : LiveReload server is running on port 35729
2022-09-21 20:58:58.850  INFO 9908 --- [restartedMain] o.s.b.w.embedded.tomcat.TomcatWebServer  : Tomcat started on port(s): 8080 (http) with context path ''
2022-09-21 20:58:58.922  INFO 9908 --- [restartedMain] hust.project3.Project3Application        : Started Project3Application in 1.733 seconds (JVM running for 78.596)
2022-09-21 20:58:58.925  INFO 9908 --- [restartedMain] .ConditionEvaluationDeltaLoggingListener : Condition evaluation unchanged
2022-09-21 20:59:44.910  INFO 9908 --- [http-nio-8080-exec-2] o.a.c.c.C.[Tomcat].[localhost].[/]       : Initializing Spring DispatcherServlet 'dispatcherServlet'
2022-09-21 20:59:44.910  INFO 9908 --- [http-nio-8080-exec-2] o.s.web.servlet.DispatcherServlet        : Initializing Servlet 'dispatcherServlet'
2022-09-21 20:59:44.912  INFO 9908 --- [http-nio-8080-exec-2] o.s.web.servlet.DispatcherServlet        : Completed initialization in 2 ms
2022-09-21 20:59:45.247 ERROR 9908 --- [http-nio-8080-exec-2] h.p.config.jwtconfig.AuthEntryPointJWT   : Unauthorized error: Full authentication is required to access this resource
